TN:
SF:C:\ng-conf\UnitTestingAngularLikeABoss\src\polyfills.ts
FNF:0
FNH:0
DA:17,1
DA:42,1
DA:51,1
LF:3
LH:3
BRF:0
BRH:0
end_of_record
TN:
SF:C:\ng-conf\UnitTestingAngularLikeABoss\src\test.ts
FN:13,(anonymous_0)
FNF:1
FNH:1
FNDA:1,(anonymous_0)
DA:3,1
DA:4,1
DA:5,1
DA:6,1
DA:7,1
DA:8,1
DA:9,1
DA:10,1
DA:11,1
DA:13,1
DA:15,1
DA:17,1
DA:19,1
DA:21,1
LF:14
LH:14
BRF:0
BRH:0
end_of_record
TN:
SF:C:\ng-conf\UnitTestingAngularLikeABoss\src\app\hero.service.ts
FN:2,(anonymous_0)
FN:8,(anonymous_1)
FN:20,(anonymous_2)
FN:21,HeroService
FN:27,(anonymous_4)
FN:30,(anonymous_5)
FN:33,(anonymous_6)
FN:37,(anonymous_7)
FN:38,(anonymous_8)
FN:44,(anonymous_9)
FN:47,(anonymous_10)
FN:50,(anonymous_11)
FN:56,(anonymous_12)
FN:60,(anonymous_13)
FN:62,(anonymous_14)
FN:65,(anonymous_15)
FN:69,(anonymous_16)
FN:72,(anonymous_17)
FN:74,(anonymous_18)
FN:82,(anonymous_19)
FN:85,(anonymous_20)
FN:95,(anonymous_21)
FNF:22
FNH:3
FNDA:1,(anonymous_0)
FNDA:1,(anonymous_1)
FNDA:1,(anonymous_2)
FNDA:0,HeroService
FNDA:0,(anonymous_4)
FNDA:0,(anonymous_5)
FNDA:0,(anonymous_6)
FNDA:0,(anonymous_7)
FNDA:0,(anonymous_8)
FNDA:0,(anonymous_9)
FNDA:0,(anonymous_10)
FNDA:0,(anonymous_11)
FNDA:0,(anonymous_12)
FNDA:0,(anonymous_13)
FNDA:0,(anonymous_14)
FNDA:0,(anonymous_15)
FNDA:0,(anonymous_16)
FNDA:0,(anonymous_17)
FNDA:0,(anonymous_18)
FNDA:0,(anonymous_19)
FNDA:0,(anonymous_20)
FNDA:0,(anonymous_21)
DA:2,1
DA:3,1
DA:4,1
DA:5,2
DA:6,1
DA:8,1
DA:9,1
DA:11,1
DA:12,1
DA:13,1
DA:14,1
DA:15,1
DA:16,1
DA:17,1
DA:20,1
DA:22,0
DA:23,0
DA:24,0
DA:27,1
DA:28,0
DA:29,0
DA:30,0
DA:33,1
DA:34,0
DA:35,0
DA:36,0
DA:37,0
DA:39,0
DA:40,0
DA:44,1
DA:45,0
DA:46,0
DA:47,0
DA:50,1
DA:51,0
DA:52,0
DA:54,0
DA:56,0
DA:60,1
DA:61,0
DA:62,0
DA:65,1
DA:66,0
DA:67,0
DA:68,0
DA:69,0
DA:72,1
DA:73,0
DA:74,0
DA:82,1
DA:83,0
DA:84,0
DA:85,0
DA:87,0
DA:89,0
DA:91,0
DA:95,1
DA:96,0
DA:98,1
DA:103,1
DA:105,1
LF:61
LH:27
BRDA:2,0,0,1
BRDA:2,0,1,1
BRDA:2,0,2,1
BRDA:3,1,0,1
BRDA:3,1,1,0
BRDA:3,2,0,0
BRDA:3,2,1,0
BRDA:4,3,0,0
BRDA:4,3,1,1
BRDA:4,4,0,1
BRDA:4,4,1,1
BRDA:5,5,0,2
BRDA:5,5,1,0
BRDA:5,6,0,2
BRDA:5,6,1,1
BRDA:5,7,0,2
BRDA:5,7,1,0
BRDA:5,8,0,0
BRDA:5,8,1,0
BRDA:6,9,0,1
BRDA:6,9,1,0
BRDA:6,9,2,0
BRDA:8,10,0,1
BRDA:8,10,1,1
BRDA:8,10,2,1
BRDA:9,11,0,1
BRDA:9,11,1,0
BRDA:9,12,0,1
BRDA:9,12,1,1
BRDA:39,13,0,0
BRDA:39,13,1,0
BRDA:52,14,0,0
BRDA:52,14,1,0
BRDA:67,15,0,0
BRDA:67,15,1,0
BRDA:84,16,0,0
BRDA:84,16,1,0
BRF:37
BRH:18
end_of_record
TN:
SF:C:\ng-conf\UnitTestingAngularLikeABoss\src\app\message.service.ts
FN:2,(anonymous_0)
FN:10,(anonymous_1)
FN:11,MessageService
FN:14,(anonymous_3)
FN:17,(anonymous_4)
FNF:5
FNH:5
FNDA:1,(anonymous_0)
FNDA:1,(anonymous_1)
FNDA:3,MessageService
FNDA:1,(anonymous_3)
FNDA:1,(anonymous_4)
DA:2,1
DA:3,1
DA:4,1
DA:5,1
DA:6,1
DA:8,1
DA:9,1
DA:10,1
DA:12,3
DA:14,1
DA:15,1
DA:17,1
DA:18,1
DA:20,1
DA:23,1
DA:25,1
LF:16
LH:16
BRDA:2,0,0,1
BRDA:2,0,1,1
BRDA:2,0,2,1
BRDA:3,1,0,1
BRDA:3,1,1,0
BRDA:3,2,0,0
BRDA:3,2,1,0
BRDA:4,3,0,0
BRDA:4,3,1,1
BRDA:4,4,0,1
BRDA:4,4,1,1
BRDA:5,5,0,1
BRDA:5,5,1,0
BRDA:5,6,0,1
BRDA:5,6,1,0
BRDA:5,7,0,1
BRDA:5,7,1,0
BRDA:5,8,0,0
BRDA:5,8,1,0
BRDA:6,9,0,1
BRDA:6,9,1,0
BRDA:6,9,2,0
BRF:22
BRH:11
end_of_record
TN:
SF:C:\ng-conf\UnitTestingAngularLikeABoss\src\app\heroes\heroes.component.ts
FN:2,(anonymous_0)
FN:8,(anonymous_1)
FN:14,(anonymous_2)
FN:15,HeroesComponent
FN:18,(anonymous_4)
FN:21,(anonymous_5)
FN:24,(anonymous_6)
FN:26,(anonymous_7)
FN:34,(anonymous_8)
FN:38,(anonymous_9)
FN:39,(anonymous_10)
FNF:11
FNH:11
FNDA:1,(anonymous_0)
FNDA:1,(anonymous_1)
FNDA:1,(anonymous_2)
FNDA:3,HeroesComponent
FNDA:3,(anonymous_4)
FNDA:3,(anonymous_5)
FNDA:3,(anonymous_6)
FNDA:2,(anonymous_7)
FNDA:1,(anonymous_8)
FNDA:1,(anonymous_9)
FNDA:3,(anonymous_10)
DA:2,1
DA:3,1
DA:4,1
DA:5,2
DA:6,1
DA:8,1
DA:9,1
DA:11,1
DA:12,1
DA:13,1
DA:14,1
DA:16,3
DA:18,1
DA:19,3
DA:21,1
DA:22,3
DA:23,3
DA:24,3
DA:26,1
DA:27,2
DA:28,2
DA:29,2
DA:30,2
DA:31,1
DA:33,1
DA:35,1
DA:38,1
DA:39,3
DA:40,1
DA:42,1
DA:50,1
DA:52,1
LF:32
LH:32
BRDA:2,0,0,1
BRDA:2,0,1,1
BRDA:2,0,2,1
BRDA:3,1,0,1
BRDA:3,1,1,0
BRDA:3,2,0,0
BRDA:3,2,1,0
BRDA:4,3,0,0
BRDA:4,3,1,1
BRDA:4,4,0,1
BRDA:4,4,1,1
BRDA:5,5,0,2
BRDA:5,5,1,0
BRDA:5,6,0,2
BRDA:5,6,1,1
BRDA:5,7,0,2
BRDA:5,7,1,0
BRDA:5,8,0,0
BRDA:5,8,1,0
BRDA:6,9,0,1
BRDA:6,9,1,0
BRDA:6,9,2,0
BRDA:8,10,0,1
BRDA:8,10,1,1
BRDA:8,10,2,1
BRDA:9,11,0,1
BRDA:9,11,1,0
BRDA:9,12,0,1
BRDA:9,12,1,1
BRDA:30,13,0,1
BRDA:30,13,1,1
BRF:31
BRH:20
end_of_record
TN:
SF:C:\ng-conf\UnitTestingAngularLikeABoss\src\app\strength\strength.pipe.ts
FN:2,(anonymous_0)
FN:10,(anonymous_1)
FN:11,StrengthPipe
FN:13,(anonymous_3)
FNF:4
FNH:4
FNDA:1,(anonymous_0)
FNDA:1,(anonymous_1)
FNDA:3,StrengthPipe
FNDA:3,(anonymous_3)
DA:2,1
DA:3,1
DA:4,1
DA:5,1
DA:6,1
DA:8,1
DA:9,1
DA:10,1
DA:13,1
DA:14,3
DA:15,1
DA:17,2
DA:18,1
DA:21,1
DA:24,1
DA:29,1
DA:31,1
LF:17
LH:17
BRDA:2,0,0,1
BRDA:2,0,1,1
BRDA:2,0,2,1
BRDA:3,1,0,1
BRDA:3,1,1,0
BRDA:3,2,0,0
BRDA:3,2,1,0
BRDA:4,3,0,0
BRDA:4,3,1,1
BRDA:4,4,0,1
BRDA:4,4,1,1
BRDA:5,5,0,1
BRDA:5,5,1,0
BRDA:5,6,0,1
BRDA:5,6,1,0
BRDA:5,7,0,1
BRDA:5,7,1,0
BRDA:5,8,0,0
BRDA:5,8,1,0
BRDA:6,9,0,1
BRDA:6,9,1,0
BRDA:6,9,2,0
BRDA:14,10,0,1
BRDA:14,10,1,2
BRDA:17,11,0,1
BRDA:17,11,1,1
BRDA:17,12,0,2
BRDA:17,12,1,2
BRF:28
BRH:17
end_of_record
